C51 COMPILER V9.56.0.0   MAIN                                                              10/05/2021 13:34:26 PAGE 1   


C51 COMPILER V9.56.0.0, COMPILATION OF MODULE MAIN
OBJECT MODULE PLACED IN main.OBJ
COMPILER INVOKED BY: C:\Keil_v5\C51\BIN\C51.EXE main.c OPTIMIZE(8,SPEED) BROWSE DEBUG OBJECTEXTEND

line level    source

   1          
   2          #include "reg52.h"    //此文件中定义了单片机的一些特殊功能寄存器
   3          
   4          sbit led = P2 ^ 0;         //将单片机的P2.0端口定义为led
   5          
   6          /*******************************************************************************
   7          * 函 数 名               : main
   8          * 函数功能               : 主函数
   9          * 输    入               : 无
  10          * 输    出       : 无
  11          *******************************************************************************/
  12          void main()
  13          {
  14   1              led = 0;        //P2.0端口设置为低电平
  15   1              while(1)
  16   1              {
  17   2                                                      
  18   2              }               
  19   1      }


MODULE INFORMATION:   STATIC OVERLAYABLE
   CODE SIZE        =      4    ----
   CONSTANT SIZE    =   ----    ----
   XDATA SIZE       =   ----    ----
   PDATA SIZE       =   ----    ----
   DATA SIZE        =   ----    ----
   IDATA SIZE       =   ----    ----
   BIT SIZE         =   ----    ----
END OF MODULE INFORMATION.


C51 COMPILATION COMPLETE.  0 WARNING(S),  0 ERROR(S)
