C51 COMPILER V9.56.0.0   MAIN                                                              10/05/2021 20:24:11 PAGE 1   


C51 COMPILER V9.56.0.0, COMPILATION OF MODULE MAIN
OBJECT MODULE PLACED IN main.OBJ
COMPILER INVOKED BY: C:\Keil_v5\C51\BIN\C51.EXE main.c OPTIMIZE(8,SPEED) BROWSE DEBUG OBJECTEXTEND

line level    source

   1          /******************************************************************************
   2           * 跑马灯
   3           * P2.0 - P2.7 各接一个LED
   4           ******************************************************************************/
   5          
   6          #include "reg52.h"                       //此文件中定义了单片机的一些特殊功能寄存器
   7          #include<intrins.h>             //因为要用到左右移函数，所以加入这个头文件
   8          
   9          typedef unsigned int u32;         //对数据类型进行声明定义
  10          typedef unsigned char u8;
  11          
  12          #define led P2     //将P2口定义为led 后面就可以使用led代替P2口
  13          
  14          /*******************************************************************************
  15          * 函 数 名               : delay
  16          * 函数功能               : 延时函数，i=1时，大约延时10us
  17          *******************************************************************************/
  18          void delay(u32 i)
  19          {
  20   1              while(i--);     
  21   1      }
  22          
  23          /*******************************************************************************
  24          * 函 数 名               : main
  25          * 函数功能               : 主函数
  26          * 输    入               : 无
  27          * 输    出       : 无
  28          *******************************************************************************/
  29          void main()
  30          {
  31   1              u8 i = 0;
  32   1              led = ~0x01;  //LED低电平点亮，所以要取反
  33   1              delay(50000); //大约延时450ms   
  34   1              while(1)
  35   1              {       
  36   2                      /* 8个灯循环点亮和熄灭 */
  37   2                      for(i = 0; i < 8; i++) 
  38   2                      {
  39   3                              led = ~(0x01 << i);      //将1左移i位，然后将结果赋值到P2口，即切换要点亮的LED
  40   3                              delay(35000);        //粗略的延时，自定义时长，现在大约350ms
  41   3                      }
  42   2              }               
  43   1      }


MODULE INFORMATION:   STATIC OVERLAYABLE
   CODE SIZE        =     52    ----
   CONSTANT SIZE    =   ----    ----
   XDATA SIZE       =   ----    ----
   PDATA SIZE       =   ----    ----
   DATA SIZE        =   ----    ----
   IDATA SIZE       =   ----    ----
   BIT SIZE         =   ----    ----
END OF MODULE INFORMATION.


C51 COMPILATION COMPLETE.  0 WARNING(S),  0 ERROR(S)
